[debug] [2024-01-01T23:15:42.263Z] ----------------------------------------------------------------------
[debug] [2024-01-01T23:15:42.265Z] Command:       C:\Program Files\nodejs\node.exe C:\Users\franc\AppData\Roaming\npm\node_modules\firebase-tools\lib\bin\firebase.js init
[debug] [2024-01-01T23:15:42.265Z] CLI Version:   13.0.2
[debug] [2024-01-01T23:15:42.266Z] Platform:      win32
[debug] [2024-01-01T23:15:42.266Z] Node Version:  v20.9.0
[debug] [2024-01-01T23:15:42.266Z] Time:          Tue Jan 02 2024 00:15:42 GMT+0100 (Ora standard dell’Europa centrale)
[debug] [2024-01-01T23:15:42.266Z] ----------------------------------------------------------------------
[debug] 
[debug] [2024-01-01T23:15:42.271Z] > command requires scopes: ["email","openid","https://www.googleapis.com/auth/cloudplatformprojects.readonly","https://www.googleapis.com/auth/firebase","https://www.googleapis.com/auth/cloud-platform"]
[debug] [2024-01-01T23:15:42.271Z] > authorizing via signed-in user (mastertrollatore@gmail.com)
[info] 
     ######## #### ########  ######## ########     ###     ######  ########
     ##        ##  ##     ## ##       ##     ##  ##   ##  ##       ##
     ######    ##  ########  ######   ########  #########  ######  ######
     ##        ##  ##    ##  ##       ##     ## ##     ##       ## ##
     ##       #### ##     ## ######## ########  ##     ##  ######  ########

You're about to initialize a Firebase project in this directory:

  C:\Users\franc\Documents\Programming\React Native\pokedex-react-native

[info] 
=== Project Setup
[info] 
[info] First, let's associate this project directory with a Firebase project.
[info] You can create multiple project aliases by running firebase use --add, 
[info] but for now we'll just set up a default project.
[info] 
[debug] [2024-01-01T23:16:03.099Z] >>> [apiv2][query] GET https://firebase.googleapis.com/v1beta1/projects pageSize=100
[debug] [2024-01-01T23:16:03.677Z] <<< [apiv2][status] GET https://firebase.googleapis.com/v1beta1/projects 200
[debug] [2024-01-01T23:16:03.677Z] <<< [apiv2][body] GET https://firebase.googleapis.com/v1beta1/projects [omitted]
[info] i  Using project pokedex-react-native-7909b (pokedex-react-native) 
[info] 
=== Hosting Setup
[debug] [2024-01-01T23:16:10.488Z] >>> [apiv2][query] GET https://firebase.googleapis.com/v1beta1/projects/pokedex-react-native-7909b [none]
[debug] [2024-01-01T23:16:10.845Z] <<< [apiv2][status] GET https://firebase.googleapis.com/v1beta1/projects/pokedex-react-native-7909b 200
[debug] [2024-01-01T23:16:10.845Z] <<< [apiv2][body] GET https://firebase.googleapis.com/v1beta1/projects/pokedex-react-native-7909b {"projectId":"pokedex-react-native-7909b","projectNumber":"744556492352","displayName":"pokedex-react-native","name":"projects/pokedex-react-native-7909b","resources":{"hostingSite":"pokedex-react-native-7909b"},"state":"ACTIVE","etag":"1_348ff6ae-4977-495c-bb54-7f55378fad08"}
[info] 
[info] Your public directory is the folder (relative to your project directory) that
[info] will contain Hosting assets to be uploaded with firebase deploy. If you
[info] have a build process for your assets, use your build's output directory.
[info] 
[debug] [2024-01-01T23:17:03.133Z] >>> [apiv2][query] GET https://www.gstatic.com/firebasejs/releases.json [none]
[debug] [2024-01-01T23:17:03.292Z] <<< [apiv2][status] GET https://www.gstatic.com/firebasejs/releases.json 200
[debug] [2024-01-01T23:17:03.292Z] <<< [apiv2][body] GET https://www.gstatic.com/firebasejs/releases.json {"current":{"version":"10.7.1","browserURL":"https://www.gstatic.com/firebasejs/10.7.1/firebase.js","packageURL":"https://www.gstatic.com/firebasejs/10.7.1/firebase.tgz"},"live":{"version":"10.7","browserURL":"https://www.gstatic.com/firebasejs/live/10.7/firebase.js","packageURL":"https://www.gstatic.com/firebasejs/live/10.7/firebase.tgz"},"components":{"analytics":"https://www.gstatic.com/firebasejs/10.7.1/firebase-analytics.js","app":"https://www.gstatic.com/firebasejs/10.7.1/firebase-app.js","app-check":"https://www.gstatic.com/firebasejs/10.7.1/firebase-app-check.js","auth":"https://www.gstatic.com/firebasejs/10.7.1/firebase-auth.js","auth/cordova":"https://www.gstatic.com/firebasejs/10.7.1/firebase-auth/cordova.js","functions":"https://www.gstatic.com/firebasejs/10.7.1/firebase-functions.js","firestore":"https://www.gstatic.com/firebasejs/10.7.1/firebase-firestore.js","firestore/lite":"https://www.gstatic.com/firebasejs/10.7.1/firebase-firestore/lite.js","installations":"https://www.gstatic.com/firebasejs/10.7.1/firebase-installations.js","storage":"https://www.gstatic.com/firebasejs/10.7.1/firebase-storage.js","performance":"https://www.gstatic.com/firebasejs/10.7.1/firebase-performance.js","remote-config":"https://www.gstatic.com/firebasejs/10.7.1/firebase-remote-config.js","messaging":"https://www.gstatic.com/firebasejs/10.7.1/firebase-messaging.js","messaging/sw":"https://www.gstatic.com/firebasejs/10.7.1/firebase-messaging/sw.js","database":"https://www.gstatic.com/firebasejs/10.7.1/firebase-database.js","firestore.memory":"https://www.gstatic.com/firebasejs/10.7.1/firebase-firestore.memory.js"}}
[info] +  Wrote public/index.html 
[info] 
[info] i  Detected a .git folder at C:\Users\franc\Documents\Programming\React Native\pokedex-react-native 
[info] i  Authorizing with GitHub to upload your service account to a GitHub repository's secrets store. 
[info] 
[info] Visit this URL on this device to log in:
[info] https://github.com/login/oauth/authorize?client_id=89cf50f02ac6aaed3484&state=579349573&redirect_uri=http%3A%2F%2Flocalhost%3A9005&scope=read%3Auser%20repo%20public_repo
[info] 
[info] Waiting for authentication...
[debug] [2024-01-01T23:17:30.337Z] >>> [apiv2][query] POST https://github.com/login/oauth/access_token [none]
[debug] [2024-01-01T23:17:30.337Z] >>> [apiv2][body] POST https://github.com/login/oauth/access_token [stream]
[debug] [2024-01-01T23:17:30.618Z] <<< [apiv2][status] POST https://github.com/login/oauth/access_token 200
[debug] [2024-01-01T23:17:30.619Z] <<< [apiv2][body] POST https://github.com/login/oauth/access_token {"access_token":"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","token_type":"bearer","scope":"read:user,repo"}
[debug] [2024-01-01T23:17:30.622Z] >>> [apiv2][query] GET https://api.github.com/user [none]
[debug] [2024-01-01T23:17:31.087Z] <<< [apiv2][status] GET https://api.github.com/user 200
[debug] [2024-01-01T23:17:31.087Z] <<< [apiv2][body] GET https://api.github.com/user {"login":"FranzRome","id":19519299,"node_id":"MDQ6VXNlcjE5NTE5Mjk5","avatar_url":"https://avatars.githubusercontent.com/u/19519299?v=4","gravatar_id":"","url":"https://api.github.com/users/FranzRome","html_url":"https://github.com/FranzRome","followers_url":"https://api.github.com/users/FranzRome/followers","following_url":"https://api.github.com/users/FranzRome/following{/other_user}","gists_url":"https://api.github.com/users/FranzRome/gists{/gist_id}","starred_url":"https://api.github.com/users/FranzRome/starred{/owner}{/repo}","subscriptions_url":"https://api.github.com/users/FranzRome/subscriptions","organizations_url":"https://api.github.com/users/FranzRome/orgs","repos_url":"https://api.github.com/users/FranzRome/repos","events_url":"https://api.github.com/users/FranzRome/events{/privacy}","received_events_url":"https://api.github.com/users/FranzRome/received_events","type":"User","site_admin":false,"name":"Franz","company":null,"blog":"https://franzrome.com/","location":"Turin, Italy","email":null,"hireable":true,"bio":"An enthusiastic programmer who loves AI and opensource","twitter_username":null,"public_repos":20,"public_gists":0,"followers":5,"following":17,"created_at":"2016-05-22T17:23:14Z","updated_at":"2023-12-25T12:24:40Z","private_gists":2,"total_private_repos":15,"owned_private_repos":15,"disk_usage":1295887,"collaborators":5,"two_factor_authentication":false,"plan":{"name":"pro","space":976562499,"collaborators":0,"private_repos":9999}}
[info] 
[info] +  Success! Logged into GitHub as FranzRome 
[info] 
